2014/07/27 20:41:43 [error] [exception.CHttpException.404] exception 'CHttpException' with message 'Невозможно обработать запрос "post".' in C:\xampp2\htdocs\gettaxi\framework\web\CWebApplication.php:286
Stack trace:
#0 C:\xampp2\htdocs\gettaxi\framework\web\CWebApplication.php(141): CWebApplication->runController('')
#1 C:\xampp2\htdocs\gettaxi\framework\base\CApplication.php(180): CWebApplication->processRequest()
#2 C:\xampp2\htdocs\gettaxi\web\admin.php(13): CApplication->run()
#3 {main}
REQUEST_URI=/web/admin.php
---
2014/07/27 20:42:00 [error] [exception.CHttpException.404] exception 'CHttpException' with message 'Невозможно обработать запрос "post".' in C:\xampp2\htdocs\gettaxi\framework\web\CWebApplication.php:286
Stack trace:
#0 C:\xampp2\htdocs\gettaxi\framework\web\CWebApplication.php(141): CWebApplication->runController('')
#1 C:\xampp2\htdocs\gettaxi\framework\base\CApplication.php(180): CWebApplication->processRequest()
#2 C:\xampp2\htdocs\gettaxi\web\admin.php(13): CApplication->run()
#3 {main}
REQUEST_URI=/web/admin.php
---
2014/07/27 20:42:48 [error] [exception.CHttpException.404] exception 'CHttpException' with message 'Невозможно обработать запрос "post".' in C:\xampp2\htdocs\gettaxi\framework\web\CWebApplication.php:286
Stack trace:
#0 C:\xampp2\htdocs\gettaxi\framework\web\CWebApplication.php(141): CWebApplication->runController('')
#1 C:\xampp2\htdocs\gettaxi\framework\base\CApplication.php(180): CWebApplication->processRequest()
#2 C:\xampp2\htdocs\gettaxi\web\admin.php(13): CApplication->run()
#3 {main}
REQUEST_URI=/web/admin.php
---
2014/07/27 21:22:41 [error] [exception.CHttpException.404] exception 'CHttpException' with message 'Unable to resolve the request "post/index".' in C:\xampp2\htdocs\gettaxi\framework\web\CWebApplication.php:286
Stack trace:
#0 C:\xampp2\htdocs\gettaxi\framework\web\CWebApplication.php(141): CWebApplication->runController('post/index')
#1 C:\xampp2\htdocs\gettaxi\framework\base\CApplication.php(180): CWebApplication->processRequest()
#2 C:\xampp2\htdocs\gettaxi\web\admin.php(13): CApplication->run()
#3 {main}
REQUEST_URI=/backend
---
2014/07/27 21:22:55 [error] [exception.CHttpException.404] exception 'CHttpException' with message 'Unable to resolve the request "backend.php".' in C:\xampp2\htdocs\gettaxi\framework\web\CWebApplication.php:286
Stack trace:
#0 C:\xampp2\htdocs\gettaxi\framework\web\CWebApplication.php(141): CWebApplication->runController('backend.php')
#1 C:\xampp2\htdocs\gettaxi\framework\base\CApplication.php(180): CWebApplication->processRequest()
#2 C:\xampp2\htdocs\gettaxi\web\admin.php(13): CApplication->run()
#3 {main}
REQUEST_URI=/backend.php
---
2014/07/27 21:23:36 [error] [php] include(Controller.php): failed to open stream: No such file or directory (C:\xampp2\htdocs\gettaxi\framework\YiiBase.php:427)
Stack trace:
#0 C:\xampp2\htdocs\gettaxi\web\protected\backend\controllers\BackendController.php(4): spl_autoload_call()
#1 C:\xampp2\htdocs\gettaxi\framework\web\CWebApplication.php(354): require()
#2 C:\xampp2\htdocs\gettaxi\framework\web\CWebApplication.php(276): CWebApplication->createController()
#3 C:\xampp2\htdocs\gettaxi\framework\web\CWebApplication.php(141): CWebApplication->runController()
#4 C:\xampp2\htdocs\gettaxi\framework\base\CApplication.php(180): CWebApplication->processRequest()
#5 C:\xampp2\htdocs\gettaxi\web\backend.php(13): CWebApplication->run()
REQUEST_URI=/backend.php
in C:\xampp2\htdocs\gettaxi\web\protected\backend\controllers\BackendController.php (4)
in C:\xampp2\htdocs\gettaxi\web\backend.php (13)
2014/07/27 21:25:53 [error] [php] include(Controller.php): failed to open stream: No such file or directory (C:\xampp2\htdocs\gettaxi\framework\YiiBase.php:427)
Stack trace:
#0 C:\xampp2\htdocs\gettaxi\web\protected\backend\controllers\BackendController.php(4): spl_autoload_call()
#1 C:\xampp2\htdocs\gettaxi\framework\web\CWebApplication.php(354): require()
#2 C:\xampp2\htdocs\gettaxi\framework\web\CWebApplication.php(276): CWebApplication->createController()
#3 C:\xampp2\htdocs\gettaxi\framework\web\CWebApplication.php(141): CWebApplication->runController()
#4 C:\xampp2\htdocs\gettaxi\framework\base\CApplication.php(180): CWebApplication->processRequest()
#5 C:\xampp2\htdocs\gettaxi\web\backend.php(13): CWebApplication->run()
REQUEST_URI=/backend.php
in C:\xampp2\htdocs\gettaxi\web\protected\backend\controllers\BackendController.php (4)
in C:\xampp2\htdocs\gettaxi\web\backend.php (13)
2014/07/27 21:27:26 [error] [exception.CException] exception 'CException' with message 'BackendController cannot find the requested view "index".' in C:\xampp2\htdocs\gettaxi\framework\web\CController.php:878
Stack trace:
#0 C:\xampp2\htdocs\gettaxi\framework\web\CController.php(782): CController->renderPartial('index', NULL, true)
#1 C:\xampp2\htdocs\gettaxi\web\protected\backend\controllers\BackendController.php(32): CController->render('index')
#2 C:\xampp2\htdocs\gettaxi\framework\web\actions\CInlineAction.php(49): BackendController->actionIndex()
#3 C:\xampp2\htdocs\gettaxi\framework\web\CController.php(308): CInlineAction->runWithParams(Array)
#4 C:\xampp2\htdocs\gettaxi\framework\web\CController.php(286): CController->runAction(Object(CInlineAction))
#5 C:\xampp2\htdocs\gettaxi\framework\web\CController.php(265): CController->runActionWithFilters(Object(CInlineAction), Array)
#6 C:\xampp2\htdocs\gettaxi\framework\web\CWebApplication.php(282): CController->run('')
#7 C:\xampp2\htdocs\gettaxi\framework\web\CWebApplication.php(141): CWebApplication->runController('')
#8 C:\xampp2\htdocs\gettaxi\framework\base\CApplication.php(180): CWebApplication->processRequest()
#9 C:\xampp2\htdocs\gettaxi\web\backend.php(13): CApplication->run()
#10 {main}
REQUEST_URI=/backend.php
---
2014/07/27 21:28:17 [error] [php] include(Controller.php): failed to open stream: No such file or directory (C:\xampp2\htdocs\gettaxi\framework\YiiBase.php:427)
Stack trace:
#0 C:\xampp2\htdocs\gettaxi\web\protected\modules\user\controllers\LoginController.php(4): spl_autoload_call()
#1 C:\xampp2\htdocs\gettaxi\framework\web\CWebApplication.php(354): require()
#2 C:\xampp2\htdocs\gettaxi\framework\web\CWebApplication.php(338): CWebApplication->createController()
#3 C:\xampp2\htdocs\gettaxi\framework\web\CWebApplication.php(276): CWebApplication->createController()
#4 C:\xampp2\htdocs\gettaxi\framework\web\CWebApplication.php(141): CWebApplication->runController()
#5 C:\xampp2\htdocs\gettaxi\framework\base\CApplication.php(180): CWebApplication->processRequest()
#6 C:\xampp2\htdocs\gettaxi\web\backend.php(13): CWebApplication->run()
REQUEST_URI=/backend/user/login
in C:\xampp2\htdocs\gettaxi\web\protected\modules\user\controllers\LoginController.php (4)
in C:\xampp2\htdocs\gettaxi\web\backend.php (13)
2014/07/27 21:28:55 [error] [exception.CException] exception 'CException' with message 'CWebUser and its behaviors do not have a method or closure named "updateSession".' in C:\xampp2\htdocs\gettaxi\framework\base\CComponent.php:266
Stack trace:
#0 C:\xampp2\htdocs\gettaxi\web\protected\modules\user\models\User.php(219): CComponent->__call('updateSession', Array)
#1 C:\xampp2\htdocs\gettaxi\web\protected\modules\user\models\User.php(219): CWebUser->updateSession()
#2 C:\xampp2\htdocs\gettaxi\framework\db\ar\CActiveRecord.php(1126): User->afterSave()
#3 C:\xampp2\htdocs\gettaxi\framework\db\ar\CActiveRecord.php(806): CActiveRecord->update(NULL)
#4 C:\xampp2\htdocs\gettaxi\web\protected\modules\user\controllers\LoginController.php(36): CActiveRecord->save()
#5 C:\xampp2\htdocs\gettaxi\web\protected\modules\user\controllers\LoginController.php(20): LoginController->lastViset()
#6 C:\xampp2\htdocs\gettaxi\framework\web\actions\CInlineAction.php(49): LoginController->actionLogin()
#7 C:\xampp2\htdocs\gettaxi\framework\web\CController.php(308): CInlineAction->runWithParams(Array)
#8 C:\xampp2\htdocs\gettaxi\framework\web\CController.php(286): CController->runAction(Object(CInlineAction))
#9 C:\xampp2\htdocs\gettaxi\framework\web\CController.php(265): CController->runActionWithFilters(Object(CInlineAction), Array)
#10 C:\xampp2\htdocs\gettaxi\framework\web\CWebApplication.php(282): CController->run('')
#11 C:\xampp2\htdocs\gettaxi\framework\web\CWebApplication.php(141): CWebApplication->runController('user/login')
#12 C:\xampp2\htdocs\gettaxi\framework\base\CApplication.php(180): CWebApplication->processRequest()
#13 C:\xampp2\htdocs\gettaxi\web\backend.php(13): CApplication->run()
#14 {main}
REQUEST_URI=/backend/user/login
HTTP_REFERER=http://gettaxi.local/backend/user/login
---
2014/07/27 21:30:48 [error] [exception.CException] exception 'CException' with message 'CWebUser and its behaviors do not have a method or closure named "updateSession".' in C:\xampp2\htdocs\gettaxi\framework\base\CComponent.php:266
Stack trace:
#0 C:\xampp2\htdocs\gettaxi\web\protected\modules\user\models\User.php(219): CComponent->__call('updateSession', Array)
#1 C:\xampp2\htdocs\gettaxi\web\protected\modules\user\models\User.php(219): CWebUser->updateSession()
#2 C:\xampp2\htdocs\gettaxi\framework\db\ar\CActiveRecord.php(1126): User->afterSave()
#3 C:\xampp2\htdocs\gettaxi\framework\db\ar\CActiveRecord.php(806): CActiveRecord->update(NULL)
#4 C:\xampp2\htdocs\gettaxi\web\protected\modules\user\controllers\LoginController.php(36): CActiveRecord->save()
#5 C:\xampp2\htdocs\gettaxi\web\protected\modules\user\controllers\LoginController.php(20): LoginController->lastViset()
#6 C:\xampp2\htdocs\gettaxi\framework\web\actions\CInlineAction.php(49): LoginController->actionLogin()
#7 C:\xampp2\htdocs\gettaxi\framework\web\CController.php(308): CInlineAction->runWithParams(Array)
#8 C:\xampp2\htdocs\gettaxi\framework\web\CController.php(286): CController->runAction(Object(CInlineAction))
#9 C:\xampp2\htdocs\gettaxi\framework\web\CController.php(265): CController->runActionWithFilters(Object(CInlineAction), Array)
#10 C:\xampp2\htdocs\gettaxi\framework\web\CWebApplication.php(282): CController->run('')
#11 C:\xampp2\htdocs\gettaxi\framework\web\CWebApplication.php(141): CWebApplication->runController('user/login')
#12 C:\xampp2\htdocs\gettaxi\framework\base\CApplication.php(180): CWebApplication->processRequest()
#13 C:\xampp2\htdocs\gettaxi\web\backend.php(13): CApplication->run()
#14 {main}
REQUEST_URI=/backend/user/login
HTTP_REFERER=http://gettaxi.local/backend/user/login
---
2014/07/27 21:31:11 [error] [exception.CException] exception 'CException' with message 'CWebUser and its behaviors do not have a method or closure named "updateSession".' in C:\xampp2\htdocs\gettaxi\framework\base\CComponent.php:266
Stack trace:
#0 C:\xampp2\htdocs\gettaxi\web\protected\modules\user\models\User.php(219): CComponent->__call('updateSession', Array)
#1 C:\xampp2\htdocs\gettaxi\web\protected\modules\user\models\User.php(219): CWebUser->updateSession()
#2 C:\xampp2\htdocs\gettaxi\framework\db\ar\CActiveRecord.php(1126): User->afterSave()
#3 C:\xampp2\htdocs\gettaxi\framework\db\ar\CActiveRecord.php(806): CActiveRecord->update(NULL)
#4 C:\xampp2\htdocs\gettaxi\web\protected\modules\user\controllers\LoginController.php(36): CActiveRecord->save()
#5 C:\xampp2\htdocs\gettaxi\web\protected\modules\user\controllers\LoginController.php(20): LoginController->lastViset()
#6 C:\xampp2\htdocs\gettaxi\framework\web\actions\CInlineAction.php(49): LoginController->actionLogin()
#7 C:\xampp2\htdocs\gettaxi\framework\web\CController.php(308): CInlineAction->runWithParams(Array)
#8 C:\xampp2\htdocs\gettaxi\framework\web\CController.php(286): CController->runAction(Object(CInlineAction))
#9 C:\xampp2\htdocs\gettaxi\framework\web\CController.php(265): CController->runActionWithFilters(Object(CInlineAction), Array)
#10 C:\xampp2\htdocs\gettaxi\framework\web\CWebApplication.php(282): CController->run('')
#11 C:\xampp2\htdocs\gettaxi\framework\web\CWebApplication.php(141): CWebApplication->runController('user/login')
#12 C:\xampp2\htdocs\gettaxi\framework\base\CApplication.php(180): CWebApplication->processRequest()
#13 C:\xampp2\htdocs\gettaxi\web\backend.php(13): CApplication->run()
#14 {main}
REQUEST_URI=/backend/user/login
HTTP_REFERER=http://gettaxi.local/backend/user/login
---
2014/07/27 21:39:24 [error] [exception.CHttpException.404] exception 'CHttpException' with message 'Unable to resolve the request "post/index".' in C:\xampp2\htdocs\gettaxi\framework\web\CWebApplication.php:286
Stack trace:
#0 C:\xampp2\htdocs\gettaxi\framework\web\CWebApplication.php(141): CWebApplication->runController('post/index')
#1 C:\xampp2\htdocs\gettaxi\framework\base\CApplication.php(180): CWebApplication->processRequest()
#2 C:\xampp2\htdocs\gettaxi\web\backend.php(13): CApplication->run()
#3 {main}
REQUEST_URI=/backend
---
2014/07/27 21:40:24 [error] [exception.CHttpException.404] exception 'CHttpException' with message 'Unable to resolve the request "post/index".' in C:\xampp2\htdocs\gettaxi\framework\web\CWebApplication.php:286
Stack trace:
#0 C:\xampp2\htdocs\gettaxi\framework\web\CWebApplication.php(141): CWebApplication->runController('post/index')
#1 C:\xampp2\htdocs\gettaxi\framework\base\CApplication.php(180): CWebApplication->processRequest()
#2 C:\xampp2\htdocs\gettaxi\web\backend.php(13): CApplication->run()
#3 {main}
REQUEST_URI=/backend
---
2014/07/27 21:40:24 [error] [exception.CHttpException.404] exception 'CHttpException' with message 'Unable to resolve the request "post/index".' in C:\xampp2\htdocs\gettaxi\framework\web\CWebApplication.php:286
Stack trace:
#0 C:\xampp2\htdocs\gettaxi\framework\web\CWebApplication.php(141): CWebApplication->runController('post/index')
#1 C:\xampp2\htdocs\gettaxi\framework\base\CApplication.php(180): CWebApplication->processRequest()
#2 C:\xampp2\htdocs\gettaxi\web\backend.php(13): CApplication->run()
#3 {main}
REQUEST_URI=/backend
---
2014/07/27 21:40:46 [error] [exception.CHttpException.404] exception 'CHttpException' with message 'Unable to resolve the request "post/index".' in C:\xampp2\htdocs\gettaxi\framework\web\CWebApplication.php:286
Stack trace:
#0 C:\xampp2\htdocs\gettaxi\framework\web\CWebApplication.php(141): CWebApplication->runController('post/index')
#1 C:\xampp2\htdocs\gettaxi\framework\base\CApplication.php(180): CWebApplication->processRequest()
#2 C:\xampp2\htdocs\gettaxi\web\backend.php(13): CApplication->run()
#3 {main}
REQUEST_URI=/backend
---
2014/07/28 20:16:17 [error] [exception.CHttpException.403] exception 'CHttpException' with message 'You are not authorized to perform this action.' in C:\xampp2\htdocs\gettaxi\framework\web\auth\CAccessControlFilter.php:182
Stack trace:
#0 C:\xampp2\htdocs\gettaxi\framework\web\auth\CAccessControlFilter.php(145): CAccessControlFilter->accessDenied(Object(WebUser), 'You are not aut...')
#1 C:\xampp2\htdocs\gettaxi\framework\web\filters\CFilter.php(38): CAccessControlFilter->preFilter(Object(CFilterChain))
#2 C:\xampp2\htdocs\gettaxi\framework\web\CController.php(1145): CFilter->filter(Object(CFilterChain))
#3 C:\xampp2\htdocs\gettaxi\framework\web\filters\CInlineFilter.php(58): CController->filterAccessControl(Object(CFilterChain))
#4 C:\xampp2\htdocs\gettaxi\framework\web\filters\CFilterChain.php(130): CInlineFilter->filter(Object(CFilterChain))
#5 C:\xampp2\htdocs\gettaxi\framework\web\CController.php(291): CFilterChain->run()
#6 C:\xampp2\htdocs\gettaxi\framework\web\CController.php(265): CController->runActionWithFilters(Object(CInlineAction), Array)
#7 C:\xampp2\htdocs\gettaxi\framework\web\CWebApplication.php(282): CController->run('')
#8 C:\xampp2\htdocs\gettaxi\framework\web\CWebApplication.php(141): CWebApplication->runController('booking')
#9 C:\xampp2\htdocs\gettaxi\framework\base\CApplication.php(180): CWebApplication->processRequest()
#10 C:\xampp2\htdocs\gettaxi\web\backend.php(13): CApplication->run()
#11 {main}
REQUEST_URI=/backend/booking
---
2014/07/28 20:18:30 [error] [php] include(UserModule.php): failed to open stream: No such file or directory (C:\xampp2\htdocs\gettaxi\framework\YiiBase.php:427)
Stack trace:
#0 C:\xampp2\htdocs\gettaxi\web\protected\backend\controllers\BookingController.php(32): spl_autoload_call()
#1 C:\xampp2\htdocs\gettaxi\framework\web\CController.php(1144): BookingController->accessRules()
#2 C:\xampp2\htdocs\gettaxi\framework\web\filters\CInlineFilter.php(58): BookingController->filterAccessControl()
#3 C:\xampp2\htdocs\gettaxi\framework\web\filters\CFilterChain.php(130): CInlineFilter->filter()
#4 C:\xampp2\htdocs\gettaxi\framework\web\CController.php(291): CFilterChain->run()
#5 C:\xampp2\htdocs\gettaxi\framework\web\CController.php(265): BookingController->runActionWithFilters()
#6 C:\xampp2\htdocs\gettaxi\framework\web\CWebApplication.php(282): BookingController->run()
#7 C:\xampp2\htdocs\gettaxi\framework\web\CWebApplication.php(141): CWebApplication->runController()
#8 C:\xampp2\htdocs\gettaxi\framework\base\CApplication.php(180): CWebApplication->processRequest()
#9 C:\xampp2\htdocs\gettaxi\web\backend.php(13): CWebApplication->run()
REQUEST_URI=/backend/booking
in C:\xampp2\htdocs\gettaxi\web\protected\backend\controllers\BookingController.php (32)
in C:\xampp2\htdocs\gettaxi\web\backend.php (13)
2014/07/28 20:21:07 [error] [php] include(UserModule.php): failed to open stream: No such file or directory (C:\xampp2\htdocs\gettaxi\framework\YiiBase.php:427)
Stack trace:
#0 C:\xampp2\htdocs\gettaxi\web\protected\backend\controllers\BookingController.php(32): spl_autoload_call()
#1 C:\xampp2\htdocs\gettaxi\framework\web\CController.php(1144): BookingController->accessRules()
#2 C:\xampp2\htdocs\gettaxi\framework\web\filters\CInlineFilter.php(58): BookingController->filterAccessControl()
#3 C:\xampp2\htdocs\gettaxi\framework\web\filters\CFilterChain.php(130): CInlineFilter->filter()
#4 C:\xampp2\htdocs\gettaxi\framework\web\CController.php(291): CFilterChain->run()
#5 C:\xampp2\htdocs\gettaxi\framework\web\CController.php(265): BookingController->runActionWithFilters()
#6 C:\xampp2\htdocs\gettaxi\framework\web\CWebApplication.php(282): BookingController->run()
#7 C:\xampp2\htdocs\gettaxi\framework\web\CWebApplication.php(141): CWebApplication->runController()
#8 C:\xampp2\htdocs\gettaxi\framework\base\CApplication.php(180): CWebApplication->processRequest()
#9 C:\xampp2\htdocs\gettaxi\web\backend.php(13): CWebApplication->run()
REQUEST_URI=/backend/booking
in C:\xampp2\htdocs\gettaxi\web\protected\backend\controllers\BookingController.php (32)
in C:\xampp2\htdocs\gettaxi\web\backend.php (13)
2014/07/28 20:26:59 [error] [exception.CHttpException.404] exception 'CHttpException' with message 'Unable to resolve the request "site/contact".' in C:\xampp2\htdocs\gettaxi\framework\web\CWebApplication.php:286
Stack trace:
#0 C:\xampp2\htdocs\gettaxi\framework\web\CWebApplication.php(141): CWebApplication->runController('site/contact')
#1 C:\xampp2\htdocs\gettaxi\framework\base\CApplication.php(180): CWebApplication->processRequest()
#2 C:\xampp2\htdocs\gettaxi\web\backend.php(13): CApplication->run()
#3 {main}
REQUEST_URI=/backend/site/contact
HTTP_REFERER=http://gettaxi.local/backend
---
2014/07/28 22:19:28 [error] [exception.CHttpException.404] exception 'CHttpException' with message 'Unable to resolve the request "site/contact".' in C:\xampp2\htdocs\gettaxi\framework\web\CWebApplication.php:286
Stack trace:
#0 C:\xampp2\htdocs\gettaxi\framework\web\CWebApplication.php(141): CWebApplication->runController('site/contact')
#1 C:\xampp2\htdocs\gettaxi\framework\base\CApplication.php(180): CWebApplication->processRequest()
#2 C:\xampp2\htdocs\gettaxi\web\backend.php(13): CApplication->run()
#3 {main}
REQUEST_URI=/backend/site/contact
HTTP_REFERER=http://gettaxi.local/backend/site/contact
---
2014/07/28 22:21:51 [error] [exception.CHttpException.404] exception 'CHttpException' with message 'Unable to resolve the request "site/contact".' in C:\xampp2\htdocs\gettaxi\framework\web\CWebApplication.php:286
Stack trace:
#0 C:\xampp2\htdocs\gettaxi\framework\web\CWebApplication.php(141): CWebApplication->runController('site/contact')
#1 C:\xampp2\htdocs\gettaxi\framework\base\CApplication.php(180): CWebApplication->processRequest()
#2 C:\xampp2\htdocs\gettaxi\web\backend.php(13): CApplication->run()
#3 {main}
REQUEST_URI=/backend/site/contact
HTTP_REFERER=http://gettaxi.local/backend/site/contact
---
2014/07/28 22:21:57 [error] [exception.CHttpException.404] exception 'CHttpException' with message 'Unable to resolve the request "site/index".' in C:\xampp2\htdocs\gettaxi\framework\web\CWebApplication.php:286
Stack trace:
#0 C:\xampp2\htdocs\gettaxi\framework\web\CWebApplication.php(141): CWebApplication->runController('site/index')
#1 C:\xampp2\htdocs\gettaxi\framework\base\CApplication.php(180): CWebApplication->processRequest()
#2 C:\xampp2\htdocs\gettaxi\web\backend.php(13): CApplication->run()
#3 {main}
REQUEST_URI=/backend/site/index
HTTP_REFERER=http://gettaxi.local/backend/site/contact
---
2014/07/28 22:22:17 [error] [exception.CHttpException.404] exception 'CHttpException' with message 'Unable to resolve the request "site/index".' in C:\xampp2\htdocs\gettaxi\framework\web\CWebApplication.php:286
Stack trace:
#0 C:\xampp2\htdocs\gettaxi\framework\web\CWebApplication.php(141): CWebApplication->runController('site/index')
#1 C:\xampp2\htdocs\gettaxi\framework\base\CApplication.php(180): CWebApplication->processRequest()
#2 C:\xampp2\htdocs\gettaxi\web\backend.php(13): CApplication->run()
#3 {main}
REQUEST_URI=/backend/site/index
HTTP_REFERER=http://gettaxi.local/backend/site/contact
---
2014/07/28 22:22:33 [error] [exception.CHttpException.404] exception 'CHttpException' with message 'Unable to resolve the request "user/admin".' in C:\xampp2\htdocs\gettaxi\framework\web\CWebApplication.php:286
Stack trace:
#0 C:\xampp2\htdocs\gettaxi\framework\web\CWebApplication.php(141): CWebApplication->runController('user/admin')
#1 C:\xampp2\htdocs\gettaxi\framework\base\CApplication.php(180): CWebApplication->processRequest()
#2 C:\xampp2\htdocs\gettaxi\web\backend.php(13): CApplication->run()
#3 {main}
REQUEST_URI=/backend/user/admin
HTTP_REFERER=http://gettaxi.local/backend/user/profile
---
2014/07/28 22:33:49 [error] [exception.CHttpException.404] exception 'CHttpException' with message 'Unable to resolve the request "user/registration".' in C:\xampp2\htdocs\gettaxi\framework\web\CWebApplication.php:286
Stack trace:
#0 C:\xampp2\htdocs\gettaxi\framework\web\CWebApplication.php(141): CWebApplication->runController('user/registrati...')
#1 C:\xampp2\htdocs\gettaxi\framework\base\CApplication.php(180): CWebApplication->processRequest()
#2 C:\xampp2\htdocs\gettaxi\web\backend.php(13): CApplication->run()
#3 {main}
REQUEST_URI=/backend/user/registration
HTTP_REFERER=http://gettaxi.local/backend
---
2014/07/28 22:33:53 [error] [exception.CHttpException.404] exception 'CHttpException' with message 'Unable to resolve the request "user/registration".' in C:\xampp2\htdocs\gettaxi\framework\web\CWebApplication.php:286
Stack trace:
#0 C:\xampp2\htdocs\gettaxi\framework\web\CWebApplication.php(141): CWebApplication->runController('user/registrati...')
#1 C:\xampp2\htdocs\gettaxi\framework\base\CApplication.php(180): CWebApplication->processRequest()
#2 C:\xampp2\htdocs\gettaxi\web\backend.php(13): CApplication->run()
#3 {main}
REQUEST_URI=/backend/user/registration
HTTP_REFERER=http://gettaxi.local/backend
---
2014/07/28 22:34:38 [error] [exception.CHttpException.404] exception 'CHttpException' with message 'Unable to resolve the request "user/login".' in C:\xampp2\htdocs\gettaxi\framework\web\CWebApplication.php:286
Stack trace:
#0 C:\xampp2\htdocs\gettaxi\framework\web\CWebApplication.php(141): CWebApplication->runController('user/login')
#1 C:\xampp2\htdocs\gettaxi\framework\base\CApplication.php(180): CWebApplication->processRequest()
#2 C:\xampp2\htdocs\gettaxi\web\backend.php(13): CApplication->run()
#3 {main}
REQUEST_URI=/backend/user/login
HTTP_REFERER=http://gettaxi.local/backend/user/registration
---
2014/07/28 22:34:57 [error] [exception.CHttpException.404] exception 'CHttpException' with message 'Unable to resolve the request "user/login".' in C:\xampp2\htdocs\gettaxi\framework\web\CWebApplication.php:286
Stack trace:
#0 C:\xampp2\htdocs\gettaxi\framework\web\CWebApplication.php(141): CWebApplication->runController('user/login')
#1 C:\xampp2\htdocs\gettaxi\framework\base\CApplication.php(180): CWebApplication->processRequest()
#2 C:\xampp2\htdocs\gettaxi\web\backend.php(13): CApplication->run()
#3 {main}
REQUEST_URI=/backend/user/login
HTTP_REFERER=http://gettaxi.local/backend/user/registration
---
2014/07/28 22:39:57 [error] [exception.CHttpException.404] exception 'CHttpException' with message 'Unable to resolve the request "user/login".' in C:\xampp2\htdocs\gettaxi\framework\web\CWebApplication.php:286
Stack trace:
#0 C:\xampp2\htdocs\gettaxi\framework\web\CWebApplication.php(141): CWebApplication->runController('user/login')
#1 C:\xampp2\htdocs\gettaxi\framework\base\CApplication.php(180): CWebApplication->processRequest()
#2 C:\xampp2\htdocs\gettaxi\web\backend.php(13): CApplication->run()
#3 {main}
REQUEST_URI=/backend/user/login
HTTP_REFERER=http://gettaxi.local/backend/user/registration
---
2014/07/28 22:39:58 [error] [exception.CHttpException.404] exception 'CHttpException' with message 'Unable to resolve the request "user/login".' in C:\xampp2\htdocs\gettaxi\framework\web\CWebApplication.php:286
Stack trace:
#0 C:\xampp2\htdocs\gettaxi\framework\web\CWebApplication.php(141): CWebApplication->runController('user/login')
#1 C:\xampp2\htdocs\gettaxi\framework\base\CApplication.php(180): CWebApplication->processRequest()
#2 C:\xampp2\htdocs\gettaxi\web\backend.php(13): CApplication->run()
#3 {main}
REQUEST_URI=/backend/user/login
HTTP_REFERER=http://gettaxi.local/backend/user/registration
---
2014/07/28 22:51:56 [error] [exception.CHttpException.404] exception 'CHttpException' with message 'The system is unable to find the requested action "backend".' in C:\xampp2\htdocs\gettaxi\framework\web\CController.php:483
Stack trace:
#0 C:\xampp2\htdocs\gettaxi\framework\web\CController.php(270): CController->missingAction('backend')
#1 C:\xampp2\htdocs\gettaxi\framework\web\CWebApplication.php(282): CController->run('backend')
#2 C:\xampp2\htdocs\gettaxi\framework\web\CWebApplication.php(141): CWebApplication->runController('backend/backend...')
#3 C:\xampp2\htdocs\gettaxi\framework\base\CApplication.php(180): CWebApplication->processRequest()
#4 C:\xampp2\htdocs\gettaxi\web\backend.php(13): CApplication->run()
#5 {main}
REQUEST_URI=/backend/backend/user/login
---
2014/07/28 22:59:04 [error] [exception.CHttpException.404] exception 'CHttpException' with message 'Unable to resolve the request "user/backend".' in C:\xampp2\htdocs\gettaxi\framework\web\CWebApplication.php:286
Stack trace:
#0 C:\xampp2\htdocs\gettaxi\framework\web\CWebApplication.php(141): CWebApplication->runController('user/backend')
#1 C:\xampp2\htdocs\gettaxi\framework\base\CApplication.php(180): CWebApplication->processRequest()
#2 C:\xampp2\htdocs\gettaxi\web\backend.php(13): CApplication->run()
#3 {main}
REQUEST_URI=/backend/user/backend
HTTP_REFERER=http://gettaxi.local/backend/user/login
---
2014/07/28 22:59:46 [error] [exception.CHttpException.404] exception 'CHttpException' with message 'The system is unable to find the requested action "user".' in C:\xampp2\htdocs\gettaxi\framework\web\CController.php:483
Stack trace:
#0 C:\xampp2\htdocs\gettaxi\framework\web\CController.php(270): CController->missingAction('user')
#1 C:\xampp2\htdocs\gettaxi\framework\web\CWebApplication.php(282): CController->run('user')
#2 C:\xampp2\htdocs\gettaxi\framework\web\CWebApplication.php(141): CWebApplication->runController('backend/user/ba...')
#3 C:\xampp2\htdocs\gettaxi\framework\base\CApplication.php(180): CWebApplication->processRequest()
#4 C:\xampp2\htdocs\gettaxi\web\backend.php(13): CApplication->run()
#5 {main}
REQUEST_URI=/backend/user/backend/index
HTTP_REFERER=http://gettaxi.local/backend/user/login
---
2014/07/29 20:30:47 [error] [exception.CHttpException.404] exception 'CHttpException' with message 'Unable to resolve the request "user/admin".' in C:\xampp2\htdocs\gettaxi\framework\web\CWebApplication.php:286
Stack trace:
#0 C:\xampp2\htdocs\gettaxi\framework\web\CWebApplication.php(141): CWebApplication->runController('user/admin')
#1 C:\xampp2\htdocs\gettaxi\framework\base\CApplication.php(180): CWebApplication->processRequest()
#2 C:\xampp2\htdocs\gettaxi\web\backend.php(13): CApplication->run()
#3 {main}
REQUEST_URI=/backend/user/admin
HTTP_REFERER=http://gettaxi.local/backend/user/profile
---
2014/07/29 20:36:57 [error] [exception.CHttpException.404] exception 'CHttpException' with message 'Unable to resolve the request "profileField/admin".' in C:\xampp2\htdocs\gettaxi\framework\web\CWebApplication.php:286
Stack trace:
#0 C:\xampp2\htdocs\gettaxi\framework\web\CWebApplication.php(141): CWebApplication->runController('profileField/ad...')
#1 C:\xampp2\htdocs\gettaxi\framework\base\CApplication.php(180): CWebApplication->processRequest()
#2 C:\xampp2\htdocs\gettaxi\web\backend.php(13): CApplication->run()
#3 {main}
REQUEST_URI=/backend/profileField/admin
HTTP_REFERER=http://gettaxi.local/backend/user
---
2014/07/29 20:37:37 [error] [exception.CHttpException.404] exception 'CHttpException' with message 'The system is unable to find the requested action "user".' in C:\xampp2\htdocs\gettaxi\framework\web\CController.php:483
Stack trace:
#0 C:\xampp2\htdocs\gettaxi\framework\web\CController.php(270): CController->missingAction('user')
#1 C:\xampp2\htdocs\gettaxi\framework\web\CWebApplication.php(282): CController->run('user')
#2 C:\xampp2\htdocs\gettaxi\framework\web\CWebApplication.php(141): CWebApplication->runController('backend/user/pr...')
#3 C:\xampp2\htdocs\gettaxi\framework\base\CApplication.php(180): CWebApplication->processRequest()
#4 C:\xampp2\htdocs\gettaxi\web\backend.php(13): CApplication->run()
#5 {main}
REQUEST_URI=/backend/user/profileField/admin
HTTP_REFERER=http://gettaxi.local/backend/user
---
2014/07/29 20:38:07 [error] [exception.CHttpException.404] exception 'CHttpException' with message 'Unable to resolve the request "profileField/admin".' in C:\xampp2\htdocs\gettaxi\framework\web\CWebApplication.php:286
Stack trace:
#0 C:\xampp2\htdocs\gettaxi\framework\web\CWebApplication.php(141): CWebApplication->runController('profileField/ad...')
#1 C:\xampp2\htdocs\gettaxi\framework\base\CApplication.php(180): CWebApplication->processRequest()
#2 C:\xampp2\htdocs\gettaxi\web\backend.php(13): CApplication->run()
#3 {main}
REQUEST_URI=/backend/profileField/admin
HTTP_REFERER=http://gettaxi.local/backend/user
---
2014/07/29 20:44:30 [error] [exception.CException] exception 'CException' with message 'Alias "user.UserModule" is invalid. Make sure it points to an existing PHP file and the file is readable.' in C:\xampp2\htdocs\gettaxi\framework\YiiBase.php:322
Stack trace:
#0 C:\xampp2\htdocs\gettaxi\framework\YiiBase.php(196): YiiBase::import('user.UserModule', true)
#1 C:\xampp2\htdocs\gettaxi\framework\base\CModule.php(282): YiiBase::createComponent('user.UserModule', 'user', NULL, Array)
#2 C:\xampp2\htdocs\gettaxi\framework\web\CWebApplication.php(337): CModule->getModule('user')
#3 C:\xampp2\htdocs\gettaxi\framework\web\CWebApplication.php(276): CWebApplication->createController('user/admin')
#4 C:\xampp2\htdocs\gettaxi\framework\web\CWebApplication.php(141): CWebApplication->runController('user/admin')
#5 C:\xampp2\htdocs\gettaxi\framework\base\CApplication.php(180): CWebApplication->processRequest()
#6 C:\xampp2\htdocs\gettaxi\web\backend.php(13): CApplication->run()
#7 {main}
REQUEST_URI=/backend/user/admin
HTTP_REFERER=http://gettaxi.local/backend/user
---
2014/07/29 20:48:02 [error] [exception.CException] exception 'CException' with message 'Alias "user.UserModule" is invalid. Make sure it points to an existing PHP file and the file is readable.C:\xampp2\htdocs\gettaxi\web\protected\modules\user\UserModule' in C:\xampp2\htdocs\gettaxi\framework\YiiBase.php:322
Stack trace:
#0 C:\xampp2\htdocs\gettaxi\framework\YiiBase.php(196): YiiBase::import('user.UserModule', true)
#1 C:\xampp2\htdocs\gettaxi\framework\base\CModule.php(282): YiiBase::createComponent('user.UserModule', 'user', NULL, Array)
#2 C:\xampp2\htdocs\gettaxi\framework\web\CWebApplication.php(337): CModule->getModule('user')
#3 C:\xampp2\htdocs\gettaxi\framework\web\CWebApplication.php(276): CWebApplication->createController('user/admin')
#4 C:\xampp2\htdocs\gettaxi\framework\web\CWebApplication.php(141): CWebApplication->runController('user/admin')
#5 C:\xampp2\htdocs\gettaxi\framework\base\CApplication.php(180): CWebApplication->processRequest()
#6 C:\xampp2\htdocs\gettaxi\web\backend.php(13): CApplication->run()
#7 {main}
REQUEST_URI=/backend/user/admin
HTTP_REFERER=http://gettaxi.local/backend/user
---
2014/07/29 20:51:05 [error] [php] Undefined variable: classFile (C:\xampp2\htdocs\gettaxi\framework\YiiBase.php:322)
Stack trace:
#0 C:\xampp2\htdocs\gettaxi\framework\web\CWebApplication.php(337): CWebApplication->getModule()
#1 C:\xampp2\htdocs\gettaxi\framework\web\CWebApplication.php(276): CWebApplication->createController()
#2 C:\xampp2\htdocs\gettaxi\framework\web\CWebApplication.php(141): CWebApplication->runController()
#3 C:\xampp2\htdocs\gettaxi\framework\base\CApplication.php(180): CWebApplication->processRequest()
#4 C:\xampp2\htdocs\gettaxi\web\backend.php(13): CWebApplication->run()
REQUEST_URI=/backend/user/admin
in C:\xampp2\htdocs\gettaxi\web\backend.php (13)
2014/07/29 20:51:40 [error] [exception.CException] exception 'CException' with message 'Alias "user.UserModule" is invalid. Make sure it points to an existing PHP file and the file is readable.C:\xampp2\htdocs\gettaxi\web\protected\modules\user\UserModule' in C:\xampp2\htdocs\gettaxi\framework\YiiBase.php:322
Stack trace:
#0 C:\xampp2\htdocs\gettaxi\framework\YiiBase.php(196): YiiBase::import('user.UserModule', true)
#1 C:\xampp2\htdocs\gettaxi\framework\base\CModule.php(282): YiiBase::createComponent('user.UserModule', 'user', NULL, Array)
#2 C:\xampp2\htdocs\gettaxi\framework\web\CWebApplication.php(337): CModule->getModule('user')
#3 C:\xampp2\htdocs\gettaxi\framework\web\CWebApplication.php(276): CWebApplication->createController('user/admin')
#4 C:\xampp2\htdocs\gettaxi\framework\web\CWebApplication.php(141): CWebApplication->runController('user/admin')
#5 C:\xampp2\htdocs\gettaxi\framework\base\CApplication.php(180): CWebApplication->processRequest()
#6 C:\xampp2\htdocs\gettaxi\web\backend.php(13): CApplication->run()
#7 {main}
REQUEST_URI=/backend/user/admin
HTTP_REFERER=http://gettaxi.local/backend/user
---
2014/07/29 20:55:12 [error] [exception.CException] exception 'CException' with message '111Alias "user.UserModule" is invalid. Make sure it points to an existing PHP file and the file is readable.' in C:\xampp2\htdocs\gettaxi\framework\yii.php:92
Stack trace:
#0 C:\xampp2\htdocs\gettaxi\framework\YiiBase.php(196): Yii::import('user.UserModule', true)
#1 C:\xampp2\htdocs\gettaxi\framework\base\CModule.php(282): YiiBase::createComponent('user.UserModule', 'user', NULL, Array)
#2 C:\xampp2\htdocs\gettaxi\framework\web\CWebApplication.php(337): CModule->getModule('user')
#3 C:\xampp2\htdocs\gettaxi\framework\web\CWebApplication.php(276): CWebApplication->createController('user/admin')
#4 C:\xampp2\htdocs\gettaxi\framework\web\CWebApplication.php(141): CWebApplication->runController('user/admin')
#5 C:\xampp2\htdocs\gettaxi\framework\base\CApplication.php(180): CWebApplication->processRequest()
#6 C:\xampp2\htdocs\gettaxi\web\backend.php(13): CApplication->run()
#7 {main}
REQUEST_URI=/backend/user/admin
HTTP_REFERER=http://gettaxi.local/backend/user
---
2014/07/29 21:00:35 [error] [php] Use of undefined constant path - assumed 'path' (C:\xampp2\htdocs\gettaxi\framework\yii.php:147)
Stack trace:
#0 C:\xampp2\htdocs\gettaxi\framework\base\CModule.php(282): createComponent()
#1 C:\xampp2\htdocs\gettaxi\framework\web\CWebApplication.php(337): CWebApplication->getModule()
#2 C:\xampp2\htdocs\gettaxi\framework\web\CWebApplication.php(276): CWebApplication->createController()
#3 C:\xampp2\htdocs\gettaxi\framework\web\CWebApplication.php(141): CWebApplication->runController()
#4 C:\xampp2\htdocs\gettaxi\framework\base\CApplication.php(180): CWebApplication->processRequest()
#5 C:\xampp2\htdocs\gettaxi\web\backend.php(13): CWebApplication->run()
REQUEST_URI=/backend/user/admin
in C:\xampp2\htdocs\gettaxi\web\backend.php (13)
2014/07/29 21:00:50 [error] [php] require(C:\xampp2\htdocs\gettaxi\web\protected/backend/\modules\user\UserModule): failed to open stream: No such file or directory (C:\xampp2\htdocs\gettaxi\framework\yii.php:106)
Stack trace:
#0 C:\xampp2\htdocs\gettaxi\framework\base\CModule.php(282): createComponent()
#1 C:\xampp2\htdocs\gettaxi\framework\web\CWebApplication.php(337): CWebApplication->getModule()
#2 C:\xampp2\htdocs\gettaxi\framework\web\CWebApplication.php(276): CWebApplication->createController()
#3 C:\xampp2\htdocs\gettaxi\framework\web\CWebApplication.php(141): CWebApplication->runController()
#4 C:\xampp2\htdocs\gettaxi\framework\base\CApplication.php(180): CWebApplication->processRequest()
#5 C:\xampp2\htdocs\gettaxi\web\backend.php(13): CWebApplication->run()
REQUEST_URI=/backend/user/admin
in C:\xampp2\htdocs\gettaxi\web\backend.php (13)
2014/07/29 21:01:02 [error] [php] require(C:\xampp2\htdocs\gettaxi\web\protected\backend\modules\user\UserModule): failed to open stream: No such file or directory (C:\xampp2\htdocs\gettaxi\framework\yii.php:106)
Stack trace:
#0 C:\xampp2\htdocs\gettaxi\framework\base\CModule.php(282): createComponent()
#1 C:\xampp2\htdocs\gettaxi\framework\web\CWebApplication.php(337): CWebApplication->getModule()
#2 C:\xampp2\htdocs\gettaxi\framework\web\CWebApplication.php(276): CWebApplication->createController()
#3 C:\xampp2\htdocs\gettaxi\framework\web\CWebApplication.php(141): CWebApplication->runController()
#4 C:\xampp2\htdocs\gettaxi\framework\base\CApplication.php(180): CWebApplication->processRequest()
#5 C:\xampp2\htdocs\gettaxi\web\backend.php(13): CWebApplication->run()
REQUEST_URI=/backend/user/admin
in C:\xampp2\htdocs\gettaxi\web\backend.php (13)
2014/07/29 21:01:18 [error] [php] include(CBaseListView.php): failed to open stream: No such file or directory (C:\xampp2\htdocs\gettaxi\framework\YiiBase.php:427)
Stack trace:
#0 C:\xampp2\htdocs\gettaxi\framework\zii\widgets\grid\CGridView.php(84): spl_autoload_call()
#1 C:\xampp2\htdocs\gettaxi\framework\yii.php(104): require()
#2 C:\xampp2\htdocs\gettaxi\framework\web\CWidgetFactory.php(146): import()
#3 C:\xampp2\htdocs\gettaxi\framework\web\CBaseController.php(146): CWidgetFactory->createWidget()
#4 C:\xampp2\htdocs\gettaxi\framework\web\CBaseController.php(172): AdminController->createWidget()
#5 C:\xampp2\htdocs\gettaxi\web\protected\backend\modules\user\views\admin\index.php(75): AdminController->widget()
#6 C:\xampp2\htdocs\gettaxi\framework\web\CBaseController.php(126): require()
#7 C:\xampp2\htdocs\gettaxi\framework\web\CBaseController.php(95): AdminController->renderInternal()
#8 C:\xampp2\htdocs\gettaxi\framework\web\CController.php(869): AdminController->renderFile()
#9 C:\xampp2\htdocs\gettaxi\framework\web\CController.php(782): AdminController->renderPartial()
#10 C:\xampp2\htdocs\gettaxi\web\protected\backend\modules\user\controllers\AdminController.php(50): AdminController->render()
#11 C:\xampp2\htdocs\gettaxi\framework\web\actions\CInlineAction.php(49): AdminController->actionAdmin()
#12 C:\xampp2\htdocs\gettaxi\framework\web\CController.php(308): CInlineAction->runWithParams()
#13 C:\xampp2\htdocs\gettaxi\framework\web\filters\CFilterChain.php(133): AdminController->runAction()
#14 C:\xampp2\htdocs\gettaxi\framework\web\filters\CFilter.php(40): CFilterChain->run()
#15 C:\xampp2\htdocs\gettaxi\framework\web\CController.php(1145): CAccessControlFilter->filter()
#16 C:\xampp2\htdocs\gettaxi\framework\web\filters\CInlineFilter.php(58): AdminController->filterAccessControl()
#17 C:\xampp2\htdocs\gettaxi\framework\web\filters\CFilterChain.php(130): CInlineFilter->filter()
#18 C:\xampp2\htdocs\gettaxi\framework\web\CController.php(291): CFilterChain->run()
#19 C:\xampp2\htdocs\gettaxi\framework\web\CController.php(265): AdminController->runActionWithFilters()
#20 C:\xampp2\htdocs\gettaxi\framework\web\CWebApplication.php(282): AdminController->run()
#21 C:\xampp2\htdocs\gettaxi\framework\web\CWebApplication.php(141): CWebApplication->runController()
#22 C:\xampp2\htdocs\gettaxi\framework\base\CApplication.php(180): CWebApplication->processRequest()
#23 C:\xampp2\htdocs\gettaxi\web\backend.php(13): CWebApplication->run()
REQUEST_URI=/backend/user/admin
in C:\xampp2\htdocs\gettaxi\web\protected\backend\modules\user\views\admin\index.php (75)
in C:\xampp2\htdocs\gettaxi\web\protected\backend\modules\user\controllers\AdminController.php (50)
in C:\xampp2\htdocs\gettaxi\web\backend.php (13)
2014/07/29 21:16:36 [error] [php] include(WebUser.php): failed to open stream: No such file or directory (C:\xampp2\htdocs\gettaxi\framework\YiiBase.php:427)
Stack trace:
#0 C:\xampp2\htdocs\gettaxi\framework\YiiBase.php(196): import()
#1 C:\xampp2\htdocs\gettaxi\framework\base\CModule.php(386): createComponent()
#2 C:\xampp2\htdocs\gettaxi\framework\base\CModule.php(103): CWebApplication->getComponent()
#3 C:\xampp2\htdocs\gettaxi\web\protected\backend\controllers\BackendController.php(52): CWebApplication->__get()
#4 C:\xampp2\htdocs\gettaxi\framework\web\actions\CInlineAction.php(49): BackendController->actionIndex()
#5 C:\xampp2\htdocs\gettaxi\framework\web\CController.php(308): CInlineAction->runWithParams()
#6 C:\xampp2\htdocs\gettaxi\framework\web\CController.php(286): BackendController->runAction()
#7 C:\xampp2\htdocs\gettaxi\framework\web\CController.php(265): BackendController->runActionWithFilters()
#8 C:\xampp2\htdocs\gettaxi\framework\web\CWebApplication.php(282): BackendController->run()
#9 C:\xampp2\htdocs\gettaxi\framework\web\CWebApplication.php(141): CWebApplication->runController()
#10 C:\xampp2\htdocs\gettaxi\framework\base\CApplication.php(180): CWebApplication->processRequest()
#11 C:\xampp2\htdocs\gettaxi\web\backend.php(13): CWebApplication->run()
REQUEST_URI=/backend
in C:\xampp2\htdocs\gettaxi\web\protected\backend\controllers\BackendController.php (52)
in C:\xampp2\htdocs\gettaxi\web\backend.php (13)
2014/07/29 21:31:06 [error] [php] include(WebUser.php): failed to open stream: No such file or directory (C:\xampp2\htdocs\gettaxi\framework\YiiBase.php:427)
Stack trace:
#0 C:\xampp2\htdocs\gettaxi\framework\YiiBase.php(196): import()
#1 C:\xampp2\htdocs\gettaxi\framework\base\CModule.php(386): createComponent()
#2 C:\xampp2\htdocs\gettaxi\framework\base\CModule.php(103): CWebApplication->getComponent()
#3 C:\xampp2\htdocs\gettaxi\web\protected\backend\controllers\BackendController.php(52): CWebApplication->__get()
#4 C:\xampp2\htdocs\gettaxi\framework\web\actions\CInlineAction.php(49): BackendController->actionIndex()
#5 C:\xampp2\htdocs\gettaxi\framework\web\CController.php(308): CInlineAction->runWithParams()
#6 C:\xampp2\htdocs\gettaxi\framework\web\CController.php(286): BackendController->runAction()
#7 C:\xampp2\htdocs\gettaxi\framework\web\CController.php(265): BackendController->runActionWithFilters()
#8 C:\xampp2\htdocs\gettaxi\framework\web\CWebApplication.php(282): BackendController->run()
#9 C:\xampp2\htdocs\gettaxi\framework\web\CWebApplication.php(141): CWebApplication->runController()
#10 C:\xampp2\htdocs\gettaxi\framework\base\CApplication.php(180): CWebApplication->processRequest()
#11 C:\xampp2\htdocs\gettaxi\web\backend.php(13): CWebApplication->run()
REQUEST_URI=/backend
in C:\xampp2\htdocs\gettaxi\web\protected\backend\controllers\BackendController.php (52)
in C:\xampp2\htdocs\gettaxi\web\backend.php (13)
2014/07/29 21:31:07 [error] [php] include(WebUser.php): failed to open stream: No such file or directory (C:\xampp2\htdocs\gettaxi\framework\YiiBase.php:427)
Stack trace:
#0 C:\xampp2\htdocs\gettaxi\framework\YiiBase.php(196): import()
#1 C:\xampp2\htdocs\gettaxi\framework\base\CModule.php(386): createComponent()
#2 C:\xampp2\htdocs\gettaxi\framework\base\CModule.php(103): CWebApplication->getComponent()
#3 C:\xampp2\htdocs\gettaxi\web\protected\backend\controllers\BackendController.php(52): CWebApplication->__get()
#4 C:\xampp2\htdocs\gettaxi\framework\web\actions\CInlineAction.php(49): BackendController->actionIndex()
#5 C:\xampp2\htdocs\gettaxi\framework\web\CController.php(308): CInlineAction->runWithParams()
#6 C:\xampp2\htdocs\gettaxi\framework\web\CController.php(286): BackendController->runAction()
#7 C:\xampp2\htdocs\gettaxi\framework\web\CController.php(265): BackendController->runActionWithFilters()
#8 C:\xampp2\htdocs\gettaxi\framework\web\CWebApplication.php(282): BackendController->run()
#9 C:\xampp2\htdocs\gettaxi\framework\web\CWebApplication.php(141): CWebApplication->runController()
#10 C:\xampp2\htdocs\gettaxi\framework\base\CApplication.php(180): CWebApplication->processRequest()
#11 C:\xampp2\htdocs\gettaxi\web\backend.php(13): CWebApplication->run()
REQUEST_URI=/backend
in C:\xampp2\htdocs\gettaxi\web\protected\backend\controllers\BackendController.php (52)
in C:\xampp2\htdocs\gettaxi\web\backend.php (13)
2014/07/29 21:31:11 [error] [php] include(WebUser.php): failed to open stream: No such file or directory (C:\xampp2\htdocs\gettaxi\framework\YiiBase.php:427)
Stack trace:
#0 C:\xampp2\htdocs\gettaxi\framework\YiiBase.php(196): import()
#1 C:\xampp2\htdocs\gettaxi\framework\base\CModule.php(386): createComponent()
#2 C:\xampp2\htdocs\gettaxi\framework\base\CModule.php(103): CWebApplication->getComponent()
#3 C:\xampp2\htdocs\gettaxi\web\protected\backend\controllers\BackendController.php(52): CWebApplication->__get()
#4 C:\xampp2\htdocs\gettaxi\framework\web\actions\CInlineAction.php(49): BackendController->actionIndex()
#5 C:\xampp2\htdocs\gettaxi\framework\web\CController.php(308): CInlineAction->runWithParams()
#6 C:\xampp2\htdocs\gettaxi\framework\web\CController.php(286): BackendController->runAction()
#7 C:\xampp2\htdocs\gettaxi\framework\web\CController.php(265): BackendController->runActionWithFilters()
#8 C:\xampp2\htdocs\gettaxi\framework\web\CWebApplication.php(282): BackendController->run()
#9 C:\xampp2\htdocs\gettaxi\framework\web\CWebApplication.php(141): CWebApplication->runController()
#10 C:\xampp2\htdocs\gettaxi\framework\base\CApplication.php(180): CWebApplication->processRequest()
#11 C:\xampp2\htdocs\gettaxi\web\backend.php(13): CWebApplication->run()
REQUEST_URI=/backend
in C:\xampp2\htdocs\gettaxi\web\protected\backend\controllers\BackendController.php (52)
in C:\xampp2\htdocs\gettaxi\web\backend.php (13)
2014/07/29 21:35:49 [error] [exception.CHttpException.404] exception 'CHttpException' with message 'The system is unable to find the requested action "user".' in C:\xampp2\htdocs\gettaxi\framework\web\CController.php:483
Stack trace:
#0 C:\xampp2\htdocs\gettaxi\framework\web\CController.php(270): CController->missingAction('user')
#1 C:\xampp2\htdocs\gettaxi\framework\web\CWebApplication.php(282): CController->run('user')
#2 C:\xampp2\htdocs\gettaxi\framework\web\CWebApplication.php(141): CWebApplication->runController('backend/user/pr...')
#3 C:\xampp2\htdocs\gettaxi\framework\base\CApplication.php(180): CWebApplication->processRequest()
#4 C:\xampp2\htdocs\gettaxi\web\backend.php(13): CApplication->run()
#5 {main}
REQUEST_URI=/backend/user/profileField/admin
HTTP_REFERER=http://gettaxi.local/backend/user
---
2014/07/29 22:49:50 [error] [exception.CHttpException.404] exception 'CHttpException' with message 'Unable to resolve the request "user/login".' in C:\xampp2\htdocs\gettaxi\framework\web\CWebApplication.php:286
Stack trace:
#0 C:\xampp2\htdocs\gettaxi\framework\web\CWebApplication.php(141): CWebApplication->runController('user/login')
#1 C:\xampp2\htdocs\gettaxi\framework\base\CApplication.php(180): CWebApplication->processRequest()
#2 C:\xampp2\htdocs\gettaxi\web\backend.php(13): CApplication->run()
#3 {main}
REQUEST_URI=/backend/user/login
---
2014/07/29 22:50:24 [error] [exception.CHttpException.404] exception 'CHttpException' with message 'Unable to resolve the request "user/login".' in C:\xampp2\htdocs\gettaxi\framework\web\CWebApplication.php:286
Stack trace:
#0 C:\xampp2\htdocs\gettaxi\framework\web\CWebApplication.php(141): CWebApplication->runController('user/login')
#1 C:\xampp2\htdocs\gettaxi\framework\base\CApplication.php(180): CWebApplication->processRequest()
#2 C:\xampp2\htdocs\gettaxi\web\backend.php(13): CApplication->run()
#3 {main}
REQUEST_URI=/backend/user/login
---
2014/07/29 22:51:10 [error] [exception.CHttpException.404] exception 'CHttpException' with message 'Unable to resolve the request "user/login".' in C:\xampp2\htdocs\gettaxi\framework\web\CWebApplication.php:286
Stack trace:
#0 C:\xampp2\htdocs\gettaxi\framework\web\CWebApplication.php(141): CWebApplication->runController('user/login')
#1 C:\xampp2\htdocs\gettaxi\framework\base\CApplication.php(180): CWebApplication->processRequest()
#2 C:\xampp2\htdocs\gettaxi\web\backend.php(13): CApplication->run()
#3 {main}
REQUEST_URI=/backend/user/login
---
2014/07/29 22:51:29 [error] [exception.CHttpException.404] exception 'CHttpException' with message 'Unable to resolve the request "login".' in C:\xampp2\htdocs\gettaxi\framework\web\CWebApplication.php:286
Stack trace:
#0 C:\xampp2\htdocs\gettaxi\framework\web\CWebApplication.php(141): CWebApplication->runController('login')
#1 C:\xampp2\htdocs\gettaxi\framework\base\CApplication.php(180): CWebApplication->processRequest()
#2 C:\xampp2\htdocs\gettaxi\web\backend.php(13): CApplication->run()
#3 {main}
REQUEST_URI=/backend/login
---
2014/07/29 22:52:27 [error] [exception.CHttpException.404] exception 'CHttpException' with message 'Unable to resolve the request "login".' in C:\xampp2\htdocs\gettaxi\framework\web\CWebApplication.php:286
Stack trace:
#0 C:\xampp2\htdocs\gettaxi\framework\web\CWebApplication.php(141): CWebApplication->runController('login')
#1 C:\xampp2\htdocs\gettaxi\framework\base\CApplication.php(180): CWebApplication->processRequest()
#2 C:\xampp2\htdocs\gettaxi\web\backend.php(13): CApplication->run()
#3 {main}
REQUEST_URI=/backend/login
---
2014/07/29 22:54:13 [error] [exception.CException] exception 'CException' with message 'UserController cannot find the requested view "index".' in C:\xampp2\htdocs\gettaxi\framework\web\CController.php:878
Stack trace:
#0 C:\xampp2\htdocs\gettaxi\framework\web\CController.php(782): CController->renderPartial('index', NULL, true)
#1 C:\xampp2\htdocs\gettaxi\web\protected\backend\controllers\UserController.php(57): CController->render('index')
#2 C:\xampp2\htdocs\gettaxi\framework\web\actions\CInlineAction.php(49): UserController->actionIndex()
#3 C:\xampp2\htdocs\gettaxi\framework\web\CController.php(308): CInlineAction->runWithParams(Array)
#4 C:\xampp2\htdocs\gettaxi\framework\web\CController.php(286): CController->runAction(Object(CInlineAction))
#5 C:\xampp2\htdocs\gettaxi\framework\web\CController.php(265): CController->runActionWithFilters(Object(CInlineAction), Array)
#6 C:\xampp2\htdocs\gettaxi\framework\web\CWebApplication.php(282): CController->run('')
#7 C:\xampp2\htdocs\gettaxi\framework\web\CWebApplication.php(141): CWebApplication->runController('user')
#8 C:\xampp2\htdocs\gettaxi\framework\base\CApplication.php(180): CWebApplication->processRequest()
#9 C:\xampp2\htdocs\gettaxi\web\backend.php(13): CApplication->run()
#10 {main}
REQUEST_URI=/backend/user
---
2014/07/29 22:56:25 [error] [exception.CException] exception 'CException' with message 'UserController cannot find the requested view "backend/index".' in C:\xampp2\htdocs\gettaxi\framework\web\CController.php:878
Stack trace:
#0 C:\xampp2\htdocs\gettaxi\framework\web\CController.php(782): CController->renderPartial('backend/index', NULL, true)
#1 C:\xampp2\htdocs\gettaxi\web\protected\backend\controllers\UserController.php(59): CController->render('backend/index')
#2 C:\xampp2\htdocs\gettaxi\framework\web\actions\CInlineAction.php(49): UserController->actionIndex()
#3 C:\xampp2\htdocs\gettaxi\framework\web\CController.php(308): CInlineAction->runWithParams(Array)
#4 C:\xampp2\htdocs\gettaxi\framework\web\CController.php(286): CController->runAction(Object(CInlineAction))
#5 C:\xampp2\htdocs\gettaxi\framework\web\CController.php(265): CController->runActionWithFilters(Object(CInlineAction), Array)
#6 C:\xampp2\htdocs\gettaxi\framework\web\CWebApplication.php(282): CController->run('')
#7 C:\xampp2\htdocs\gettaxi\framework\web\CWebApplication.php(141): CWebApplication->runController('user')
#8 C:\xampp2\htdocs\gettaxi\framework\base\CApplication.php(180): CWebApplication->processRequest()
#9 C:\xampp2\htdocs\gettaxi\web\backend.php(13): CApplication->run()
#10 {main}
REQUEST_URI=/backend/user
---
2014/07/29 22:56:41 [error] [exception.CException] exception 'CException' with message 'UserController cannot find the requested view "backend/index".' in C:\xampp2\htdocs\gettaxi\framework\web\CController.php:878
Stack trace:
#0 C:\xampp2\htdocs\gettaxi\framework\web\CController.php(782): CController->renderPartial('backend/index', NULL, true)
#1 C:\xampp2\htdocs\gettaxi\web\protected\backend\controllers\UserController.php(59): CController->render('backend/index')
#2 C:\xampp2\htdocs\gettaxi\framework\web\actions\CInlineAction.php(49): UserController->actionIndex()
#3 C:\xampp2\htdocs\gettaxi\framework\web\CController.php(308): CInlineAction->runWithParams(Array)
#4 C:\xampp2\htdocs\gettaxi\framework\web\CController.php(286): CController->runAction(Object(CInlineAction))
#5 C:\xampp2\htdocs\gettaxi\framework\web\CController.php(265): CController->runActionWithFilters(Object(CInlineAction), Array)
#6 C:\xampp2\htdocs\gettaxi\framework\web\CWebApplication.php(282): CController->run('')
#7 C:\xampp2\htdocs\gettaxi\framework\web\CWebApplication.php(141): CWebApplication->runController('user')
#8 C:\xampp2\htdocs\gettaxi\framework\base\CApplication.php(180): CWebApplication->processRequest()
#9 C:\xampp2\htdocs\gettaxi\web\backend.php(13): CApplication->run()
#10 {main}
REQUEST_URI=/backend/user
---
2014/07/29 23:05:02 [error] [exception.CHttpException.404] exception 'CHttpException' with message 'Unable to resolve the request "backend/index".' in C:\xampp2\htdocs\gettaxi\framework\web\CWebApplication.php:286
Stack trace:
#0 C:\xampp2\htdocs\gettaxi\framework\web\CWebApplication.php(141): CWebApplication->runController('backend/index')
#1 C:\xampp2\htdocs\gettaxi\framework\base\CApplication.php(180): CWebApplication->processRequest()
#2 C:\xampp2\htdocs\gettaxi\web\backend.php(13): CApplication->run()
#3 {main}
REQUEST_URI=/backend/
---
2014/07/29 23:05:50 [error] [exception.CHttpException.404] exception 'CHttpException' with message 'Unable to resolve the request "backend/index".' in C:\xampp2\htdocs\gettaxi\framework\web\CWebApplication.php:286
Stack trace:
#0 C:\xampp2\htdocs\gettaxi\framework\web\CWebApplication.php(141): CWebApplication->runController('backend/index')
#1 C:\xampp2\htdocs\gettaxi\framework\base\CApplication.php(180): CWebApplication->processRequest()
#2 C:\xampp2\htdocs\gettaxi\web\backend.php(13): CApplication->run()
#3 {main}
REQUEST_URI=/backend
---
2014/07/29 23:05:55 [error] [php] include(UserModule.php): failed to open stream: No such file or directory (C:\xampp2\htdocs\gettaxi\framework\YiiBase.php:427)
Stack trace:
#0 C:\xampp2\htdocs\gettaxi\web\protected\backend\controllers\BookingController.php(32): spl_autoload_call()
#1 C:\xampp2\htdocs\gettaxi\framework\web\CController.php(1144): BookingController->accessRules()
#2 C:\xampp2\htdocs\gettaxi\framework\web\filters\CInlineFilter.php(58): BookingController->filterAccessControl()
#3 C:\xampp2\htdocs\gettaxi\framework\web\filters\CFilterChain.php(130): CInlineFilter->filter()
#4 C:\xampp2\htdocs\gettaxi\framework\web\CController.php(291): CFilterChain->run()
#5 C:\xampp2\htdocs\gettaxi\framework\web\CController.php(265): BookingController->runActionWithFilters()
#6 C:\xampp2\htdocs\gettaxi\framework\web\CWebApplication.php(282): BookingController->run()
#7 C:\xampp2\htdocs\gettaxi\framework\web\CWebApplication.php(141): CWebApplication->runController()
#8 C:\xampp2\htdocs\gettaxi\framework\base\CApplication.php(180): CWebApplication->processRequest()
#9 C:\xampp2\htdocs\gettaxi\web\backend.php(13): CWebApplication->run()
REQUEST_URI=/backend/booking/index
in C:\xampp2\htdocs\gettaxi\web\protected\backend\controllers\BookingController.php (32)
in C:\xampp2\htdocs\gettaxi\web\backend.php (13)
2014/07/29 23:07:26 [error] [exception.CHttpException.404] exception 'CHttpException' with message 'Unable to resolve the request "backend/index".' in C:\xampp2\htdocs\gettaxi\framework\web\CWebApplication.php:286
Stack trace:
#0 C:\xampp2\htdocs\gettaxi\framework\web\CWebApplication.php(141): CWebApplication->runController('backend/index')
#1 C:\xampp2\htdocs\gettaxi\framework\base\CApplication.php(180): CWebApplication->processRequest()
#2 C:\xampp2\htdocs\gettaxi\web\backend.php(13): CApplication->run()
#3 {main}
REQUEST_URI=/backend/
---
2014/07/29 23:09:35 [error] [exception.CHttpException.404] exception 'CHttpException' with message 'Unable to resolve the request "backend/index".' in C:\xampp2\htdocs\gettaxi\framework\web\CWebApplication.php:286
Stack trace:
#0 C:\xampp2\htdocs\gettaxi\framework\web\CWebApplication.php(141): CWebApplication->runController('backend/index')
#1 C:\xampp2\htdocs\gettaxi\framework\base\CApplication.php(180): CWebApplication->processRequest()
#2 C:\xampp2\htdocs\gettaxi\web\backend.php(13): CApplication->run()
#3 {main}
REQUEST_URI=/backend/
---
2014/07/29 23:10:10 [error] [exception.CHttpException.404] exception 'CHttpException' with message 'Unable to resolve the request "backend/index/index".' in C:\xampp2\htdocs\gettaxi\framework\web\CWebApplication.php:286
Stack trace:
#0 C:\xampp2\htdocs\gettaxi\framework\web\CWebApplication.php(141): CWebApplication->runController('backend/index/i...')
#1 C:\xampp2\htdocs\gettaxi\framework\base\CApplication.php(180): CWebApplication->processRequest()
#2 C:\xampp2\htdocs\gettaxi\web\backend.php(13): CApplication->run()
#3 {main}
REQUEST_URI=/backend/
---
2014/07/29 23:10:21 [error] [exception.CHttpException.404] exception 'CHttpException' with message 'Unable to resolve the request "backend/index".' in C:\xampp2\htdocs\gettaxi\framework\web\CWebApplication.php:286
Stack trace:
#0 C:\xampp2\htdocs\gettaxi\framework\web\CWebApplication.php(141): CWebApplication->runController('backend/index')
#1 C:\xampp2\htdocs\gettaxi\framework\base\CApplication.php(180): CWebApplication->processRequest()
#2 C:\xampp2\htdocs\gettaxi\web\backend.php(13): CApplication->run()
#3 {main}
REQUEST_URI=/backend/
---
2014/07/29 23:10:27 [error] [exception.CHttpException.404] exception 'CHttpException' with message 'Unable to resolve the request "backend/index/index".' in C:\xampp2\htdocs\gettaxi\framework\web\CWebApplication.php:286
Stack trace:
#0 C:\xampp2\htdocs\gettaxi\framework\web\CWebApplication.php(141): CWebApplication->runController('backend/index/i...')
#1 C:\xampp2\htdocs\gettaxi\framework\base\CApplication.php(180): CWebApplication->processRequest()
#2 C:\xampp2\htdocs\gettaxi\web\backend.php(13): CApplication->run()
#3 {main}
REQUEST_URI=/backend/
---
2014/07/29 23:10:33 [error] [exception.CHttpException.404] exception 'CHttpException' with message 'Unable to resolve the request "backend".' in C:\xampp2\htdocs\gettaxi\framework\web\CWebApplication.php:286
Stack trace:
#0 C:\xampp2\htdocs\gettaxi\framework\web\CWebApplication.php(141): CWebApplication->runController('backend')
#1 C:\xampp2\htdocs\gettaxi\framework\base\CApplication.php(180): CWebApplication->processRequest()
#2 C:\xampp2\htdocs\gettaxi\web\backend.php(13): CApplication->run()
#3 {main}
REQUEST_URI=/backend/
---
2014/07/29 23:12:30 [error] [exception.CHttpException.404] exception 'CHttpException' with message 'Unable to resolve the request "backend/index".' in C:\xampp2\htdocs\gettaxi\framework\web\CWebApplication.php:286
Stack trace:
#0 C:\xampp2\htdocs\gettaxi\framework\web\CWebApplication.php(141): CWebApplication->runController('backend/index')
#1 C:\xampp2\htdocs\gettaxi\framework\base\CApplication.php(180): CWebApplication->processRequest()
#2 C:\xampp2\htdocs\gettaxi\web\backend.php(13): CApplication->run()
#3 {main}
REQUEST_URI=/backend/backend/index
HTTP_REFERER=http://gettaxi.local/backend/booking/index
---
2014/07/29 23:14:05 [error] [exception.CHttpException.404] exception 'CHttpException' with message 'Unable to resolve the request "backend".' in C:\xampp2\htdocs\gettaxi\framework\web\CWebApplication.php:286
Stack trace:
#0 C:\xampp2\htdocs\gettaxi\framework\web\CWebApplication.php(141): CWebApplication->runController('backend')
#1 C:\xampp2\htdocs\gettaxi\framework\base\CApplication.php(180): CWebApplication->processRequest()
#2 C:\xampp2\htdocs\gettaxi\web\backend.php(13): CApplication->run()
#3 {main}
REQUEST_URI=/backend/backend
HTTP_REFERER=http://gettaxi.local/backend/booking/index
---
2014/07/29 23:14:11 [error] [exception.CHttpException.404] exception 'CHttpException' with message 'Unable to resolve the request "backend".' in C:\xampp2\htdocs\gettaxi\framework\web\CWebApplication.php:286
Stack trace:
#0 C:\xampp2\htdocs\gettaxi\framework\web\CWebApplication.php(141): CWebApplication->runController('backend')
#1 C:\xampp2\htdocs\gettaxi\framework\base\CApplication.php(180): CWebApplication->processRequest()
#2 C:\xampp2\htdocs\gettaxi\web\backend.php(13): CApplication->run()
#3 {main}
REQUEST_URI=/backend/backend
HTTP_REFERER=http://gettaxi.local/backend/booking/index
---
2014/07/29 23:14:15 [error] [exception.CHttpException.404] exception 'CHttpException' with message 'Unable to resolve the request "backend".' in C:\xampp2\htdocs\gettaxi\framework\web\CWebApplication.php:286
Stack trace:
#0 C:\xampp2\htdocs\gettaxi\framework\web\CWebApplication.php(141): CWebApplication->runController('backend')
#1 C:\xampp2\htdocs\gettaxi\framework\base\CApplication.php(180): CWebApplication->processRequest()
#2 C:\xampp2\htdocs\gettaxi\web\backend.php(13): CApplication->run()
#3 {main}
REQUEST_URI=/backend/backend
HTTP_REFERER=http://gettaxi.local/backend/booking/index
---
2014/07/29 23:14:20 [error] [exception.CHttpException.404] exception 'CHttpException' with message 'Unable to resolve the request "backend".' in C:\xampp2\htdocs\gettaxi\framework\web\CWebApplication.php:286
Stack trace:
#0 C:\xampp2\htdocs\gettaxi\framework\web\CWebApplication.php(141): CWebApplication->runController('backend')
#1 C:\xampp2\htdocs\gettaxi\framework\base\CApplication.php(180): CWebApplication->processRequest()
#2 C:\xampp2\htdocs\gettaxi\web\backend.php(13): CApplication->run()
#3 {main}
REQUEST_URI=/backend/backend
HTTP_REFERER=http://gettaxi.local/backend/booking/index
---
2014/07/29 23:14:27 [error] [exception.CHttpException.404] exception 'CHttpException' with message 'Unable to resolve the request "backend".' in C:\xampp2\htdocs\gettaxi\framework\web\CWebApplication.php:286
Stack trace:
#0 C:\xampp2\htdocs\gettaxi\framework\web\CWebApplication.php(141): CWebApplication->runController('backend')
#1 C:\xampp2\htdocs\gettaxi\framework\base\CApplication.php(180): CWebApplication->processRequest()
#2 C:\xampp2\htdocs\gettaxi\web\backend.php(13): CApplication->run()
#3 {main}
REQUEST_URI=/backend/backend
HTTP_REFERER=http://gettaxi.local/backend/booking/index
---
